<?xml version="1.0" encoding="UTF-8"?>
<testng-results ignored="0" total="2" passed="2" failed="0" skipped="0">
  <reporter-output>
  </reporter-output>
  <suite started-at="2026-03-04T13:41:03 IST" name="Suite" finished-at="2026-03-04T13:41:14 IST" duration-ms="11778">
    <groups>
    </groups>
    <test started-at="2026-03-04T13:41:03 IST" name="Test" finished-at="2026-03-04T13:41:14 IST" duration-ms="11778">
      <class name="tests.LoginTest">
        <test-method is-config="true" signature="setup()[pri:0, instance:tests.LoginTest@1b2abca6]" started-at="2026-03-04T13:41:03 IST" name="setup" finished-at="2026-03-04T13:41:07 IST" duration-ms="4642" status="PASS">
          <reporter-output>
          </reporter-output>
        </test-method> <!-- setup -->
        <test-method signature="validLoginTest()[pri:0, instance:tests.LoginTest@1b2abca6]" started-at="2026-03-04T13:41:07 IST" name="validLoginTest" finished-at="2026-03-04T13:41:09 IST" duration-ms="1141" status="PASS">
          <reporter-output>
          </reporter-output>
        </test-method> <!-- validLoginTest -->
        <test-method is-config="true" signature="tearDown()[pri:0, instance:tests.LoginTest@1b2abca6]" started-at="2026-03-04T13:41:09 IST" name="tearDown" finished-at="2026-03-04T13:41:09 IST" duration-ms="170" status="PASS">
          <reporter-output>
          </reporter-output>
        </test-method> <!-- tearDown -->
      </class> <!-- tests.LoginTest -->
      <class name="tests.LogoutTest">
        <test-method is-config="true" signature="setup()[pri:0, instance:tests.LogoutTest@428640fa]" started-at="2026-03-04T13:41:09 IST" name="setup" finished-at="2026-03-04T13:41:13 IST" duration-ms="3825" status="PASS">
          <reporter-output>
          </reporter-output>
        </test-method> <!-- setup -->
        <test-method signature="logoutTest()[pri:0, instance:tests.LogoutTest@428640fa]" started-at="2026-03-04T13:41:13 IST" name="logoutTest" finished-at="2026-03-04T13:41:14 IST" duration-ms="1768" status="PASS">
          <reporter-output>
          </reporter-output>
        </test-method> <!-- logoutTest -->
        <test-method is-config="true" signature="tearDown()[pri:0, instance:tests.LogoutTest@428640fa]" started-at="2026-03-04T13:41:14 IST" name="tearDown" finished-at="2026-03-04T13:41:14 IST" duration-ms="194" status="PASS">
          <reporter-output>
          </reporter-output>
        </test-method> <!-- tearDown -->
      </class> <!-- tests.LogoutTest -->
    </test> <!-- Test -->
  </suite> <!-- Suite -->
</testng-results>
