<?xml version="1.0" encoding="UTF-8"?>
<testng-results ignored="0" total="2" passed="2" failed="0" skipped="0">
  <reporter-output>
  </reporter-output>
  <suite started-at="2026-03-04T13:41:39 IST" name="Suite" finished-at="2026-03-04T13:41:49 IST" duration-ms="9802">
    <groups>
    </groups>
    <test started-at="2026-03-04T13:41:39 IST" name="Test" finished-at="2026-03-04T13:41:49 IST" duration-ms="9802">
      <class name="tests.LoginTest">
        <test-method is-config="true" signature="setup()[pri:0, instance:tests.LoginTest@4d5650ae]" started-at="2026-03-04T13:41:39 IST" name="setup" finished-at="2026-03-04T13:41:43 IST" duration-ms="3638" status="PASS">
          <reporter-output>
          </reporter-output>
        </test-method> <!-- setup -->
        <test-method signature="validLoginTest()[pri:0, instance:tests.LoginTest@4d5650ae]" started-at="2026-03-04T13:41:43 IST" name="validLoginTest" finished-at="2026-03-04T13:41:44 IST" duration-ms="1118" status="PASS">
          <reporter-output>
          </reporter-output>
        </test-method> <!-- validLoginTest -->
        <test-method is-config="true" signature="tearDown()[pri:0, instance:tests.LoginTest@4d5650ae]" started-at="2026-03-04T13:41:44 IST" name="tearDown" finished-at="2026-03-04T13:41:44 IST" duration-ms="168" status="PASS">
          <reporter-output>
          </reporter-output>
        </test-method> <!-- tearDown -->
      </class> <!-- tests.LoginTest -->
      <class name="tests.LogoutTest">
        <test-method is-config="true" signature="setup()[pri:0, instance:tests.LogoutTest@6e9175d8]" started-at="2026-03-04T13:41:44 IST" name="setup" finished-at="2026-03-04T13:41:47 IST" duration-ms="2910" status="PASS">
          <reporter-output>
          </reporter-output>
        </test-method> <!-- setup -->
        <test-method signature="logoutTest()[pri:0, instance:tests.LogoutTest@6e9175d8]" started-at="2026-03-04T13:41:47 IST" name="logoutTest" finished-at="2026-03-04T13:41:49 IST" duration-ms="1739" status="PASS">
          <reporter-output>
          </reporter-output>
        </test-method> <!-- logoutTest -->
        <test-method is-config="true" signature="tearDown()[pri:0, instance:tests.LogoutTest@6e9175d8]" started-at="2026-03-04T13:41:49 IST" name="tearDown" finished-at="2026-03-04T13:41:49 IST" duration-ms="190" status="PASS">
          <reporter-output>
          </reporter-output>
        </test-method> <!-- tearDown -->
      </class> <!-- tests.LogoutTest -->
    </test> <!-- Test -->
  </suite> <!-- Suite -->
</testng-results>
